Using pre-set license
Built from '2020.3/staging' branch; Version is '2020.3.0f1 (c7b5465681fb) revision 13088070'; Using compiler version '192528614'; Build Type 'Release'
OS: 'Windows 10 Pro; OS build 22631.3296; Version 2009; 64bit' Language: 'ru' Physical Memory: 32592 MB
BatchMode: 1, IsHumanControllingUs: 0, StartBugReporterOnCrash: 0, Is64bit: 1, IsPro: 0

 COMMAND LINE ARGUMENTS:
C:\Program Files\Unity\Hub\Editor\2020.3.0f1\Editor\Unity.exe
-adb2
-batchMode
-noUpm
-name
AssetImportWorker3
-projectPath
C:/Unity/Quiz kids
-logFile
Logs/AssetImportWorker3.log
-srvPort
60158
Successfully changed project path to: C:/Unity/Quiz kids
C:/Unity/Quiz kids
Using Asset Import Pipeline V2.
Refreshing native plugins compatible for Editor in 20.46 ms, found 1 plugins.
Preloading 0 native plugins for Editor in 0.00 ms.
Initialize engine version: 2020.3.0f1 (c7b5465681fb)
[Subsystems] Discovering subsystems at path C:/Program Files/Unity/Hub/Editor/2020.3.0f1/Editor/Data/Resources/UnitySubsystems
[Subsystems] Discovering subsystems at path C:/Unity/Quiz kids/Assets
GfxDevice: creating device client; threaded=0
Direct3D:
    Version:  Direct3D 11.0 [level 11.1]
    Renderer: NVIDIA GeForce RTX 3070 (ID=0x2488)
    Vendor:   
    VRAM:     8018 MB
    Driver:   31.0.15.5186
Initialize mono
Mono path[0] = 'C:/Program Files/Unity/Hub/Editor/2020.3.0f1/Editor/Data/Managed'
Mono path[1] = 'C:/Program Files/Unity/Hub/Editor/2020.3.0f1/Editor/Data/MonoBleedingEdge/lib/mono/unityjit'
Mono config path = 'C:/Program Files/Unity/Hub/Editor/2020.3.0f1/Editor/Data/MonoBleedingEdge/etc'
Using monoOptions --debugger-agent=transport=dt_socket,embedding=1,server=y,suspend=n,address=127.0.0.1:56416
Begin MonoManager ReloadAssembly
Registering precompiled unity dll's ...
Register platform support module: C:/Program Files/Unity/Hub/Editor/2020.3.0f1/Editor/Data/PlaybackEngines/WindowsStandaloneSupport/UnityEditor.WindowsStandalone.Extensions.dll
Registered in 0.229573 seconds.
Native extension for WindowsStandalone target not found
Refreshing native plugins compatible for Editor in 38.58 ms, found 1 plugins.
Preloading 0 native plugins for Editor in 0.00 ms.
Invoked RoslynAnalysisRunner static constructor.
RoslynAnalysisRunner will not be running.
RoslynAnalysisRunner has terminated.
Mono: successfully reloaded assembly
- Completed reload, in  4.619 seconds
Platform modules already initialized, skipping
Registering precompiled user dll's ...
Registered in 0.001742 seconds.
Begin MonoManager ReloadAssembly
Native extension for WindowsStandalone target not found
Refreshing native plugins compatible for Editor in 37.44 ms, found 1 plugins.
Preloading 0 native plugins for Editor in 0.00 ms.
Invoked RoslynAnalysisRunner static constructor.
RoslynAnalysisRunner will not be running.
RoslynAnalysisRunner has terminated.
Mono: successfully reloaded assembly
- Completed reload, in  0.945 seconds
Platform modules already initialized, skipping
========================================================================
Worker process is ready to serve import requests
Launched and connected shader compiler UnityShaderCompiler.exe after 0.06 seconds
Refreshing native plugins compatible for Editor in 0.24 ms, found 1 plugins.
Preloading 0 native plugins for Editor in 0.00 ms.
Unloading 1843 Unused Serialized files (Serialized files now loaded: 0)
System memory in use before: 87.5 MB.
System memory in use after: 87.6 MB.

Unloading 21 unused Assets to reduce memory usage. Loaded Objects now: 2298.
Total: 1.915800 ms (FindLiveObjects: 0.089400 ms CreateObjectMapping: 0.022000 ms MarkObjects: 1.737800 ms  DeleteObjects: 0.065500 ms)

========================================================================
Received Import Request.
  path: Assets/Scripts/EndGameMenu.cs
  artifactKey: Guid(37e246c21118bad4fac4142d74963a94) Importer(815301076,1909f56bfc062723c751e8b465ee728b)
Start importing Assets/Scripts/EndGameMenu.cs using Guid(37e246c21118bad4fac4142d74963a94) Importer(815301076,1909f56bfc062723c751e8b465ee728b)  -> (artifact id: 'd093b3791a9c50fe74de8f8083560b73') in 0.029568 seconds
  Import took 0.032354 seconds .

========================================================================
Received Prepare
Registering precompiled user dll's ...
Registered in 0.000896 seconds.
Begin MonoManager ReloadAssembly
Native extension for WindowsStandalone target not found
Refreshing native plugins compatible for Editor in 0.31 ms, found 1 plugins.
Preloading 0 native plugins for Editor in 0.00 ms.
Invoked RoslynAnalysisRunner static constructor.
RoslynAnalysisRunner will not be running.
RoslynAnalysisRunner has terminated.
Mono: successfully reloaded assembly
- Completed reload, in  0.462 seconds
Platform modules already initialized, skipping
Refreshing native plugins compatible for Editor in 0.25 ms, found 1 plugins.
Preloading 0 native plugins for Editor in 0.00 ms.
Unloading 1819 Unused Serialized files (Serialized files now loaded: 0)
System memory in use before: 86.0 MB.
System memory in use after: 86.1 MB.

Unloading 10 unused Assets to reduce memory usage. Loaded Objects now: 2301.
Total: 1.159500 ms (FindLiveObjects: 0.092400 ms CreateObjectMapping: 0.021400 ms MarkObjects: 1.031200 ms  DeleteObjects: 0.013600 ms)

========================================================================
Received Import Request.
  Time since last request: 1140.237522 seconds.
  path: Assets/Scripts/RestartMenuOpener.cs
  artifactKey: Guid(a230294b46c542046b71370a662acf21) Importer(815301076,1909f56bfc062723c751e8b465ee728b)
Start importing Assets/Scripts/RestartMenuOpener.cs using Guid(a230294b46c542046b71370a662acf21) Importer(815301076,1909f56bfc062723c751e8b465ee728b)  -> (artifact id: '9993decc680713e5a9e133a97b5eba8d') in 0.009687 seconds
  Import took 0.012072 seconds .

========================================================================
Received Prepare
Registering precompiled user dll's ...
Registered in 0.000893 seconds.
Begin MonoManager ReloadAssembly
Native extension for WindowsStandalone target not found
Refreshing native plugins compatible for Editor in 0.26 ms, found 1 plugins.
Preloading 0 native plugins for Editor in 0.00 ms.
Invoked RoslynAnalysisRunner static constructor.
RoslynAnalysisRunner will not be running.
RoslynAnalysisRunner has terminated.
Mono: successfully reloaded assembly
- Completed reload, in  0.474 seconds
Platform modules already initialized, skipping
Refreshing native plugins compatible for Editor in 0.25 ms, found 1 plugins.
Preloading 0 native plugins for Editor in 0.00 ms.
Unloading 1820 Unused Serialized files (Serialized files now loaded: 0)
System memory in use before: 86.1 MB.
System memory in use after: 86.2 MB.

Unloading 9 unused Assets to reduce memory usage. Loaded Objects now: 2306.
Total: 1.227600 ms (FindLiveObjects: 0.109400 ms CreateObjectMapping: 0.023600 ms MarkObjects: 1.078900 ms  DeleteObjects: 0.014700 ms)

========================================================================
Received Prepare
Registering precompiled user dll's ...
Registered in 0.001864 seconds.
Begin MonoManager ReloadAssembly
Native extension for WindowsStandalone target not found
Refreshing native plugins compatible for Editor in 0.57 ms, found 1 plugins.
Preloading 0 native plugins for Editor in 0.00 ms.
Invoked RoslynAnalysisRunner static constructor.
RoslynAnalysisRunner will not be running.
RoslynAnalysisRunner has terminated.
Mono: successfully reloaded assembly
- Completed reload, in  0.806 seconds
Platform modules already initialized, skipping
Refreshing native plugins compatible for Editor in 0.45 ms, found 1 plugins.
Preloading 0 native plugins for Editor in 0.00 ms.
Unloading 1821 Unused Serialized files (Serialized files now loaded: 0)
System memory in use before: 86.1 MB.
System memory in use after: 86.2 MB.

Unloading 9 unused Assets to reduce memory usage. Loaded Objects now: 2311.
Total: 1.243600 ms (FindLiveObjects: 0.122500 ms CreateObjectMapping: 0.023500 ms MarkObjects: 1.083100 ms  DeleteObjects: 0.013400 ms)

========================================================================
Received Import Request.
  Time since last request: 657.270937 seconds.
  path: Assets/Scripts/RestartMenuOpener.cs
  artifactKey: Guid(a230294b46c542046b71370a662acf21) Importer(815301076,1909f56bfc062723c751e8b465ee728b)
Start importing Assets/Scripts/RestartMenuOpener.cs using Guid(a230294b46c542046b71370a662acf21) Importer(815301076,1909f56bfc062723c751e8b465ee728b)  -> (artifact id: '39ce991fb8e796cb7def370e5773cb43') in 0.004765 seconds
  Import took 0.007000 seconds .

========================================================================
Received Prepare
Registering precompiled user dll's ...
Registered in 0.000880 seconds.
Begin MonoManager ReloadAssembly
Native extension for WindowsStandalone target not found
Refreshing native plugins compatible for Editor in 0.25 ms, found 1 plugins.
Preloading 0 native plugins for Editor in 0.00 ms.
Invoked RoslynAnalysisRunner static constructor.
RoslynAnalysisRunner will not be running.
RoslynAnalysisRunner has terminated.
Mono: successfully reloaded assembly
- Completed reload, in  0.463 seconds
Platform modules already initialized, skipping
Refreshing native plugins compatible for Editor in 0.28 ms, found 1 plugins.
Preloading 0 native plugins for Editor in 0.00 ms.
Unloading 1821 Unused Serialized files (Serialized files now loaded: 0)
System memory in use before: 86.1 MB.
System memory in use after: 86.3 MB.

Unloading 9 unused Assets to reduce memory usage. Loaded Objects now: 2315.
Total: 1.102000 ms (FindLiveObjects: 0.115000 ms CreateObjectMapping: 0.023400 ms MarkObjects: 0.950500 ms  DeleteObjects: 0.012300 ms)

========================================================================
Received Import Request.
  Time since last request: 55.662416 seconds.
  path: Assets/Scripts/IMenuOpener.cs
  artifactKey: Guid(827ba0be42e5b0442b8329c1149343f3) Importer(815301076,1909f56bfc062723c751e8b465ee728b)
Start importing Assets/Scripts/IMenuOpener.cs using Guid(827ba0be42e5b0442b8329c1149343f3) Importer(815301076,1909f56bfc062723c751e8b465ee728b)  -> (artifact id: '3bf2aa5bf7d0a4045af49e0dc6505cb4') in 0.010638 seconds
  Import took 0.019150 seconds .

========================================================================
Received Prepare
Registering precompiled user dll's ...
Registered in 0.003648 seconds.
Begin MonoManager ReloadAssembly
Native extension for WindowsStandalone target not found
Refreshing native plugins compatible for Editor in 0.52 ms, found 1 plugins.
Preloading 0 native plugins for Editor in 0.00 ms.
Invoked RoslynAnalysisRunner static constructor.
RoslynAnalysisRunner will not be running.
RoslynAnalysisRunner has terminated.
Mono: successfully reloaded assembly
- Completed reload, in  0.854 seconds
Platform modules already initialized, skipping
Refreshing native plugins compatible for Editor in 0.46 ms, found 1 plugins.
Preloading 0 native plugins for Editor in 0.00 ms.
Unloading 1821 Unused Serialized files (Serialized files now loaded: 0)
System memory in use before: 86.2 MB.
System memory in use after: 86.3 MB.

Unloading 9 unused Assets to reduce memory usage. Loaded Objects now: 2319.
Total: 1.892900 ms (FindLiveObjects: 0.197200 ms CreateObjectMapping: 0.045000 ms MarkObjects: 1.616700 ms  DeleteObjects: 0.032900 ms)

========================================================================
Received Import Request.
  Time since last request: 74.794733 seconds.
  path: Assets/Scripts/IMenuOpener.cs
  artifactKey: Guid(827ba0be42e5b0442b8329c1149343f3) Importer(815301076,1909f56bfc062723c751e8b465ee728b)
Start importing Assets/Scripts/IMenuOpener.cs using Guid(827ba0be42e5b0442b8329c1149343f3) Importer(815301076,1909f56bfc062723c751e8b465ee728b)  -> (artifact id: '1ec19143d9bb3d3225a77d5dbd4aa343') in 0.004788 seconds
  Import took 0.007291 seconds .

========================================================================
Received Prepare
Registering precompiled user dll's ...
Registered in 0.001869 seconds.
Begin MonoManager ReloadAssembly
Native extension for WindowsStandalone target not found
Refreshing native plugins compatible for Editor in 0.49 ms, found 1 plugins.
Preloading 0 native plugins for Editor in 0.00 ms.
Invoked RoslynAnalysisRunner static constructor.
RoslynAnalysisRunner will not be running.
RoslynAnalysisRunner has terminated.
Mono: successfully reloaded assembly
- Completed reload, in  0.845 seconds
Platform modules already initialized, skipping
Refreshing native plugins compatible for Editor in 0.46 ms, found 1 plugins.
Preloading 0 native plugins for Editor in 0.00 ms.
Unloading 1821 Unused Serialized files (Serialized files now loaded: 0)
System memory in use before: 86.2 MB.
System memory in use after: 86.3 MB.

Unloading 9 unused Assets to reduce memory usage. Loaded Objects now: 2323.
Total: 1.796200 ms (FindLiveObjects: 0.108200 ms CreateObjectMapping: 0.023100 ms MarkObjects: 1.644000 ms  DeleteObjects: 0.020200 ms)

========================================================================
Received Prepare
Registering precompiled user dll's ...
Registered in 0.002408 seconds.
Begin MonoManager ReloadAssembly
Native extension for WindowsStandalone target not found
Refreshing native plugins compatible for Editor in 0.56 ms, found 1 plugins.
Preloading 0 native plugins for Editor in 0.00 ms.
Invoked RoslynAnalysisRunner static constructor.
RoslynAnalysisRunner will not be running.
RoslynAnalysisRunner has terminated.
Mono: successfully reloaded assembly
- Completed reload, in  0.837 seconds
Platform modules already initialized, skipping
Refreshing native plugins compatible for Editor in 0.44 ms, found 1 plugins.
Preloading 0 native plugins for Editor in 0.00 ms.
Unloading 1821 Unused Serialized files (Serialized files now loaded: 0)
System memory in use before: 86.2 MB.
System memory in use after: 86.3 MB.

Unloading 9 unused Assets to reduce memory usage. Loaded Objects now: 2327.
Total: 1.815000 ms (FindLiveObjects: 0.090900 ms CreateObjectMapping: 0.022400 ms MarkObjects: 1.680800 ms  DeleteObjects: 0.020100 ms)

========================================================================
Received Prepare
Registering precompiled user dll's ...
Registered in 0.001970 seconds.
Begin MonoManager ReloadAssembly
Native extension for WindowsStandalone target not found
Refreshing native plugins compatible for Editor in 0.45 ms, found 1 plugins.
Preloading 0 native plugins for Editor in 0.00 ms.
Invoked RoslynAnalysisRunner static constructor.
RoslynAnalysisRunner will not be running.
RoslynAnalysisRunner has terminated.
Mono: successfully reloaded assembly
- Completed reload, in  0.828 seconds
Platform modules already initialized, skipping
Refreshing native plugins compatible for Editor in 0.45 ms, found 1 plugins.
Preloading 0 native plugins for Editor in 0.00 ms.
Unloading 1821 Unused Serialized files (Serialized files now loaded: 0)
System memory in use before: 86.2 MB.
System memory in use after: 86.3 MB.

Unloading 9 unused Assets to reduce memory usage. Loaded Objects now: 2331.
Total: 1.294900 ms (FindLiveObjects: 0.122800 ms CreateObjectMapping: 0.026400 ms MarkObjects: 1.128900 ms  DeleteObjects: 0.015600 ms)

========================================================================
Received Prepare
Registering precompiled user dll's ...
Registered in 0.002237 seconds.
Begin MonoManager ReloadAssembly
Native extension for WindowsStandalone target not found
Refreshing native plugins compatible for Editor in 0.55 ms, found 1 plugins.
Preloading 0 native plugins for Editor in 0.00 ms.
Invoked RoslynAnalysisRunner static constructor.
RoslynAnalysisRunner will not be running.
RoslynAnalysisRunner has terminated.
Mono: successfully reloaded assembly
- Completed reload, in  0.806 seconds
Platform modules already initialized, skipping
Refreshing native plugins compatible for Editor in 0.42 ms, found 1 plugins.
Preloading 0 native plugins for Editor in 0.00 ms.
Unloading 1821 Unused Serialized files (Serialized files now loaded: 0)
System memory in use before: 86.2 MB.
System memory in use after: 86.3 MB.

Unloading 9 unused Assets to reduce memory usage. Loaded Objects now: 2335.
Total: 1.330300 ms (FindLiveObjects: 0.101300 ms CreateObjectMapping: 0.022400 ms MarkObjects: 1.188700 ms  DeleteObjects: 0.016700 ms)

========================================================================
Received Prepare
Registering precompiled user dll's ...
Registered in 0.000914 seconds.
Begin MonoManager ReloadAssembly
Native extension for WindowsStandalone target not found
Refreshing native plugins compatible for Editor in 0.40 ms, found 1 plugins.
Preloading 0 native plugins for Editor in 0.00 ms.
Invoked RoslynAnalysisRunner static constructor.
RoslynAnalysisRunner will not be running.
RoslynAnalysisRunner has terminated.
Mono: successfully reloaded assembly
- Completed reload, in  0.454 seconds
Platform modules already initialized, skipping
Refreshing native plugins compatible for Editor in 0.25 ms, found 1 plugins.
Preloading 0 native plugins for Editor in 0.00 ms.
Unloading 1821 Unused Serialized files (Serialized files now loaded: 0)
System memory in use before: 86.2 MB.
System memory in use after: 86.3 MB.

Unloading 9 unused Assets to reduce memory usage. Loaded Objects now: 2339.
Total: 1.160800 ms (FindLiveObjects: 0.094300 ms CreateObjectMapping: 0.023300 ms MarkObjects: 1.026000 ms  DeleteObjects: 0.016300 ms)

========================================================================
Received Prepare
Registering precompiled user dll's ...
Registered in 0.000857 seconds.
Begin MonoManager ReloadAssembly
Native extension for WindowsStandalone target not found
Refreshing native plugins compatible for Editor in 0.26 ms, found 1 plugins.
Preloading 0 native plugins for Editor in 0.00 ms.
Invoked RoslynAnalysisRunner static constructor.
RoslynAnalysisRunner will not be running.
RoslynAnalysisRunner has terminated.
Mono: successfully reloaded assembly
- Completed reload, in  0.449 seconds
Platform modules already initialized, skipping
Refreshing native plugins compatible for Editor in 0.24 ms, found 1 plugins.
Preloading 0 native plugins for Editor in 0.00 ms.
Unloading 1821 Unused Serialized files (Serialized files now loaded: 0)
System memory in use before: 86.2 MB.
System memory in use after: 86.3 MB.

Unloading 9 unused Assets to reduce memory usage. Loaded Objects now: 2343.
Total: 1.104100 ms (FindLiveObjects: 0.121700 ms CreateObjectMapping: 0.024900 ms MarkObjects: 0.944000 ms  DeleteObjects: 0.012400 ms)

========================================================================
Received Prepare
Registering precompiled user dll's ...
Registered in 0.001917 seconds.
Begin MonoManager ReloadAssembly
Native extension for WindowsStandalone target not found
Refreshing native plugins compatible for Editor in 0.46 ms, found 1 plugins.
Preloading 0 native plugins for Editor in 0.00 ms.
Invoked RoslynAnalysisRunner static constructor.
RoslynAnalysisRunner will not be running.
RoslynAnalysisRunner has terminated.
Mono: successfully reloaded assembly
- Completed reload, in  0.838 seconds
Platform modules already initialized, skipping
Refreshing native plugins compatible for Editor in 0.45 ms, found 1 plugins.
Preloading 0 native plugins for Editor in 0.00 ms.
Unloading 1821 Unused Serialized files (Serialized files now loaded: 0)
System memory in use before: 86.2 MB.
System memory in use after: 86.3 MB.

Unloading 9 unused Assets to reduce memory usage. Loaded Objects now: 2347.
Total: 1.793500 ms (FindLiveObjects: 0.170600 ms CreateObjectMapping: 0.044000 ms MarkObjects: 1.562800 ms  DeleteObjects: 0.015100 ms)

========================================================================
Received Prepare
Registering precompiled user dll's ...
Registered in 0.000880 seconds.
Begin MonoManager ReloadAssembly
Native extension for WindowsStandalone target not found
Refreshing native plugins compatible for Editor in 0.26 ms, found 1 plugins.
Preloading 0 native plugins for Editor in 0.00 ms.
Invoked RoslynAnalysisRunner static constructor.
RoslynAnalysisRunner will not be running.
RoslynAnalysisRunner has terminated.
Mono: successfully reloaded assembly
- Completed reload, in  0.452 seconds
Platform modules already initialized, skipping
Refreshing native plugins compatible for Editor in 0.24 ms, found 1 plugins.
Preloading 0 native plugins for Editor in 0.00 ms.
Unloading 1821 Unused Serialized files (Serialized files now loaded: 0)
System memory in use before: 86.2 MB.
System memory in use after: 86.3 MB.

Unloading 9 unused Assets to reduce memory usage. Loaded Objects now: 2351.
Total: 1.326600 ms (FindLiveObjects: 0.120900 ms CreateObjectMapping: 0.023500 ms MarkObjects: 1.166300 ms  DeleteObjects: 0.015000 ms)

========================================================================
Received Prepare
Registering precompiled user dll's ...
Registered in 0.000999 seconds.
Begin MonoManager ReloadAssembly
Native extension for WindowsStandalone target not found
Refreshing native plugins compatible for Editor in 0.26 ms, found 1 plugins.
Preloading 0 native plugins for Editor in 0.00 ms.
Invoked RoslynAnalysisRunner static constructor.
RoslynAnalysisRunner will not be running.
RoslynAnalysisRunner has terminated.
Mono: successfully reloaded assembly
- Completed reload, in  0.452 seconds
Platform modules already initialized, skipping
Refreshing native plugins compatible for Editor in 0.23 ms, found 1 plugins.
Preloading 0 native plugins for Editor in 0.00 ms.
Unloading 1821 Unused Serialized files (Serialized files now loaded: 0)
System memory in use before: 86.2 MB.
System memory in use after: 86.4 MB.

Unloading 9 unused Assets to reduce memory usage. Loaded Objects now: 2355.
Total: 1.583200 ms (FindLiveObjects: 0.125700 ms CreateObjectMapping: 0.023900 ms MarkObjects: 1.415300 ms  DeleteObjects: 0.017500 ms)

========================================================================
Received Prepare
Registering precompiled user dll's ...
Registered in 0.000889 seconds.
Begin MonoManager ReloadAssembly
Native extension for WindowsStandalone target not found
Refreshing native plugins compatible for Editor in 0.27 ms, found 1 plugins.
Preloading 0 native plugins for Editor in 0.00 ms.
Invoked RoslynAnalysisRunner static constructor.
RoslynAnalysisRunner will not be running.
RoslynAnalysisRunner has terminated.
Mono: successfully reloaded assembly
- Completed reload, in  0.442 seconds
Platform modules already initialized, skipping
Refreshing native plugins compatible for Editor in 0.30 ms, found 1 plugins.
Preloading 0 native plugins for Editor in 0.00 ms.
Unloading 1821 Unused Serialized files (Serialized files now loaded: 0)
System memory in use before: 86.2 MB.
System memory in use after: 86.4 MB.

Unloading 9 unused Assets to reduce memory usage. Loaded Objects now: 2359.
Total: 1.389500 ms (FindLiveObjects: 0.115400 ms CreateObjectMapping: 0.024600 ms MarkObjects: 1.230900 ms  DeleteObjects: 0.017800 ms)

========================================================================
Received Prepare
Registering precompiled user dll's ...
Registered in 0.000887 seconds.
Begin MonoManager ReloadAssembly
Native extension for WindowsStandalone target not found
Refreshing native plugins compatible for Editor in 0.28 ms, found 1 plugins.
Preloading 0 native plugins for Editor in 0.00 ms.
Invoked RoslynAnalysisRunner static constructor.
RoslynAnalysisRunner will not be running.
RoslynAnalysisRunner has terminated.
Mono: successfully reloaded assembly
- Completed reload, in  0.452 seconds
Platform modules already initialized, skipping
Refreshing native plugins compatible for Editor in 0.28 ms, found 1 plugins.
Preloading 0 native plugins for Editor in 0.00 ms.
Unloading 1821 Unused Serialized files (Serialized files now loaded: 0)
System memory in use before: 86.3 MB.
System memory in use after: 86.4 MB.

Unloading 9 unused Assets to reduce memory usage. Loaded Objects now: 2363.
Total: 1.308700 ms (FindLiveObjects: 0.123900 ms CreateObjectMapping: 0.031000 ms MarkObjects: 1.140700 ms  DeleteObjects: 0.012300 ms)

========================================================================
Received Prepare
Registering precompiled user dll's ...
Registered in 0.000854 seconds.
Begin MonoManager ReloadAssembly
Native extension for WindowsStandalone target not found
Refreshing native plugins compatible for Editor in 0.30 ms, found 1 plugins.
Preloading 0 native plugins for Editor in 0.00 ms.
Invoked RoslynAnalysisRunner static constructor.
RoslynAnalysisRunner will not be running.
RoslynAnalysisRunner has terminated.
Mono: successfully reloaded assembly
- Completed reload, in  0.446 seconds
Platform modules already initialized, skipping
Refreshing native plugins compatible for Editor in 0.25 ms, found 1 plugins.
Preloading 0 native plugins for Editor in 0.00 ms.
Unloading 1821 Unused Serialized files (Serialized files now loaded: 0)
System memory in use before: 86.3 MB.
System memory in use after: 86.4 MB.

Unloading 9 unused Assets to reduce memory usage. Loaded Objects now: 2367.
Total: 1.340000 ms (FindLiveObjects: 0.105000 ms CreateObjectMapping: 0.024000 ms MarkObjects: 1.192900 ms  DeleteObjects: 0.017200 ms)

========================================================================
Received Prepare
Registering precompiled user dll's ...
Registered in 0.000866 seconds.
Begin MonoManager ReloadAssembly
Native extension for WindowsStandalone target not found
Refreshing native plugins compatible for Editor in 0.24 ms, found 1 plugins.
Preloading 0 native plugins for Editor in 0.00 ms.
Invoked RoslynAnalysisRunner static constructor.
RoslynAnalysisRunner will not be running.
RoslynAnalysisRunner has terminated.
Mono: successfully reloaded assembly
- Completed reload, in  0.458 seconds
Platform modules already initialized, skipping
Refreshing native plugins compatible for Editor in 0.24 ms, found 1 plugins.
Preloading 0 native plugins for Editor in 0.00 ms.
Unloading 1821 Unused Serialized files (Serialized files now loaded: 0)
System memory in use before: 86.3 MB.
System memory in use after: 86.4 MB.

Unloading 9 unused Assets to reduce memory usage. Loaded Objects now: 2371.
Total: 1.326000 ms (FindLiveObjects: 0.083200 ms CreateObjectMapping: 0.021400 ms MarkObjects: 1.204200 ms  DeleteObjects: 0.016300 ms)

========================================================================
Received Prepare
Registering precompiled user dll's ...
Registered in 0.001994 seconds.
Begin MonoManager ReloadAssembly
Native extension for WindowsStandalone target not found
Refreshing native plugins compatible for Editor in 0.51 ms, found 1 plugins.
Preloading 0 native plugins for Editor in 0.00 ms.
Invoked RoslynAnalysisRunner static constructor.
RoslynAnalysisRunner will not be running.
RoslynAnalysisRunner has terminated.
Mono: successfully reloaded assembly
- Completed reload, in  0.869 seconds
Platform modules already initialized, skipping
Refreshing native plugins compatible for Editor in 0.47 ms, found 1 plugins.
Preloading 0 native plugins for Editor in 0.00 ms.
Unloading 1821 Unused Serialized files (Serialized files now loaded: 0)
System memory in use before: 86.3 MB.
System memory in use after: 86.4 MB.

Unloading 9 unused Assets to reduce memory usage. Loaded Objects now: 2375.
Total: 1.714800 ms (FindLiveObjects: 0.183400 ms CreateObjectMapping: 0.042700 ms MarkObjects: 1.467300 ms  DeleteObjects: 0.020200 ms)

========================================================================
Received Prepare
Registering precompiled user dll's ...
Registered in 0.002083 seconds.
Begin MonoManager ReloadAssembly
Native extension for WindowsStandalone target not found
Refreshing native plugins compatible for Editor in 0.46 ms, found 1 plugins.
Preloading 0 native plugins for Editor in 0.00 ms.
Invoked RoslynAnalysisRunner static constructor.
RoslynAnalysisRunner will not be running.
RoslynAnalysisRunner has terminated.
Mono: successfully reloaded assembly
- Completed reload, in  0.817 seconds
Platform modules already initialized, skipping
Refreshing native plugins compatible for Editor in 0.45 ms, found 1 plugins.
Preloading 0 native plugins for Editor in 0.00 ms.
Unloading 1821 Unused Serialized files (Serialized files now loaded: 0)
System memory in use before: 86.3 MB.
System memory in use after: 86.4 MB.

Unloading 9 unused Assets to reduce memory usage. Loaded Objects now: 2379.
Total: 1.281200 ms (FindLiveObjects: 0.090800 ms CreateObjectMapping: 0.022200 ms MarkObjects: 1.145700 ms  DeleteObjects: 0.021500 ms)

========================================================================
Received Prepare
Registering precompiled user dll's ...
Registered in 0.001630 seconds.
Begin MonoManager ReloadAssembly
Native extension for WindowsStandalone target not found
Refreshing native plugins compatible for Editor in 0.84 ms, found 1 plugins.
Preloading 0 native plugins for Editor in 0.00 ms.
Invoked RoslynAnalysisRunner static constructor.
RoslynAnalysisRunner will not be running.
RoslynAnalysisRunner has terminated.
Mono: successfully reloaded assembly
- Completed reload, in  0.824 seconds
Platform modules already initialized, skipping
Refreshing native plugins compatible for Editor in 0.53 ms, found 1 plugins.
Preloading 0 native plugins for Editor in 0.00 ms.
Unloading 1821 Unused Serialized files (Serialized files now loaded: 0)
System memory in use before: 86.3 MB.
System memory in use after: 86.4 MB.

Unloading 9 unused Assets to reduce memory usage. Loaded Objects now: 2383.
Total: 1.939900 ms (FindLiveObjects: 0.088000 ms CreateObjectMapping: 0.022400 ms MarkObjects: 1.808700 ms  DeleteObjects: 0.019700 ms)

========================================================================
Received Prepare
Registering precompiled user dll's ...
Registered in 0.001766 seconds.
Begin MonoManager ReloadAssembly
Native extension for WindowsStandalone target not found
Refreshing native plugins compatible for Editor in 0.49 ms, found 1 plugins.
Preloading 0 native plugins for Editor in 0.00 ms.
Invoked RoslynAnalysisRunner static constructor.
RoslynAnalysisRunner will not be running.
RoslynAnalysisRunner has terminated.
Mono: successfully reloaded assembly
- Completed reload, in  0.840 seconds
Platform modules already initialized, skipping
Refreshing native plugins compatible for Editor in 0.48 ms, found 1 plugins.
Preloading 0 native plugins for Editor in 0.00 ms.
Unloading 1821 Unused Serialized files (Serialized files now loaded: 0)
System memory in use before: 86.3 MB.
System memory in use after: 86.4 MB.

Unloading 9 unused Assets to reduce memory usage. Loaded Objects now: 2387.
Total: 1.238800 ms (FindLiveObjects: 0.093600 ms CreateObjectMapping: 0.022200 ms MarkObjects: 1.104400 ms  DeleteObjects: 0.017500 ms)

========================================================================
Received Prepare
Registering precompiled user dll's ...
Registered in 0.003333 seconds.
Begin MonoManager ReloadAssembly
Native extension for WindowsStandalone target not found
Refreshing native plugins compatible for Editor in 0.46 ms, found 1 plugins.
Preloading 0 native plugins for Editor in 0.00 ms.
Invoked RoslynAnalysisRunner static constructor.
RoslynAnalysisRunner will not be running.
RoslynAnalysisRunner has terminated.
Mono: successfully reloaded assembly
- Completed reload, in  0.838 seconds
Platform modules already initialized, skipping
Refreshing native plugins compatible for Editor in 0.44 ms, found 1 plugins.
Preloading 0 native plugins for Editor in 0.00 ms.
Unloading 1821 Unused Serialized files (Serialized files now loaded: 0)
System memory in use before: 86.3 MB.
System memory in use after: 86.4 MB.

Unloading 9 unused Assets to reduce memory usage. Loaded Objects now: 2391.
Total: 1.374000 ms (FindLiveObjects: 0.147000 ms CreateObjectMapping: 0.022400 ms MarkObjects: 1.188100 ms  DeleteObjects: 0.015900 ms)

========================================================================
Received Prepare
Registering precompiled user dll's ...
Registered in 0.002077 seconds.
Begin MonoManager ReloadAssembly
Native extension for WindowsStandalone target not found
Refreshing native plugins compatible for Editor in 0.48 ms, found 1 plugins.
Preloading 0 native plugins for Editor in 0.00 ms.
Invoked RoslynAnalysisRunner static constructor.
RoslynAnalysisRunner will not be running.
RoslynAnalysisRunner has terminated.
Mono: successfully reloaded assembly
- Completed reload, in  1.098 seconds
Platform modules already initialized, skipping
Refreshing native plugins compatible for Editor in 0.65 ms, found 1 plugins.
Preloading 0 native plugins for Editor in 0.00 ms.
Unloading 1821 Unused Serialized files (Serialized files now loaded: 0)
System memory in use before: 86.3 MB.
System memory in use after: 86.4 MB.

Unloading 9 unused Assets to reduce memory usage. Loaded Objects now: 2395.
Total: 1.175300 ms (FindLiveObjects: 0.122900 ms CreateObjectMapping: 0.023600 ms MarkObjects: 1.009000 ms  DeleteObjects: 0.019000 ms)

========================================================================
Received Prepare
Registering precompiled user dll's ...
Registered in 0.000859 seconds.
Begin MonoManager ReloadAssembly
Native extension for WindowsStandalone target not found
Refreshing native plugins compatible for Editor in 0.51 ms, found 1 plugins.
Preloading 0 native plugins for Editor in 0.00 ms.
Invoked RoslynAnalysisRunner static constructor.
RoslynAnalysisRunner will not be running.
RoslynAnalysisRunner has terminated.
Mono: successfully reloaded assembly
- Completed reload, in  0.824 seconds
Platform modules already initialized, skipping
Refreshing native plugins compatible for Editor in 0.77 ms, found 1 plugins.
Preloading 0 native plugins for Editor in 0.00 ms.
Unloading 1821 Unused Serialized files (Serialized files now loaded: 0)
System memory in use before: 86.3 MB.
System memory in use after: 86.5 MB.

Unloading 9 unused Assets to reduce memory usage. Loaded Objects now: 2399.
Total: 1.761700 ms (FindLiveObjects: 0.201900 ms CreateObjectMapping: 0.043000 ms MarkObjects: 1.492200 ms  DeleteObjects: 0.023500 ms)

========================================================================
Received Prepare
Registering precompiled user dll's ...
Registered in 0.000895 seconds.
Begin MonoManager ReloadAssembly
Native extension for WindowsStandalone target not found
Refreshing native plugins compatible for Editor in 0.27 ms, found 1 plugins.
Preloading 0 native plugins for Editor in 0.00 ms.
Invoked RoslynAnalysisRunner static constructor.
RoslynAnalysisRunner will not be running.
RoslynAnalysisRunner has terminated.
Mono: successfully reloaded assembly
- Completed reload, in  0.460 seconds
Platform modules already initialized, skipping
Refreshing native plugins compatible for Editor in 0.25 ms, found 1 plugins.
Preloading 0 native plugins for Editor in 0.00 ms.
Unloading 1821 Unused Serialized files (Serialized files now loaded: 0)
System memory in use before: 86.3 MB.
System memory in use after: 86.5 MB.

Unloading 9 unused Assets to reduce memory usage. Loaded Objects now: 2403.
Total: 1.263800 ms (FindLiveObjects: 0.148600 ms CreateObjectMapping: 0.022400 ms MarkObjects: 1.075300 ms  DeleteObjects: 0.016600 ms)

========================================================================
Received Prepare
Registering precompiled user dll's ...
Registered in 0.001965 seconds.
Begin MonoManager ReloadAssembly
Native extension for WindowsStandalone target not found
Refreshing native plugins compatible for Editor in 0.45 ms, found 1 plugins.
Preloading 0 native plugins for Editor in 0.00 ms.
Invoked RoslynAnalysisRunner static constructor.
RoslynAnalysisRunner will not be running.
RoslynAnalysisRunner has terminated.
Mono: successfully reloaded assembly
- Completed reload, in  0.830 seconds
Platform modules already initialized, skipping
Refreshing native plugins compatible for Editor in 0.49 ms, found 1 plugins.
Preloading 0 native plugins for Editor in 0.00 ms.
Unloading 1821 Unused Serialized files (Serialized files now loaded: 0)
System memory in use before: 86.4 MB.
System memory in use after: 86.5 MB.

Unloading 9 unused Assets to reduce memory usage. Loaded Objects now: 2407.
Total: 1.791200 ms (FindLiveObjects: 0.189800 ms CreateObjectMapping: 0.041100 ms MarkObjects: 1.528400 ms  DeleteObjects: 0.031200 ms)

========================================================================
Received Prepare
Registering precompiled user dll's ...
Registered in 0.000985 seconds.
Begin MonoManager ReloadAssembly
Native extension for WindowsStandalone target not found
Refreshing native plugins compatible for Editor in 0.23 ms, found 1 plugins.
Preloading 0 native plugins for Editor in 0.00 ms.
Invoked RoslynAnalysisRunner static constructor.
RoslynAnalysisRunner will not be running.
RoslynAnalysisRunner has terminated.
Mono: successfully reloaded assembly
- Completed reload, in  0.458 seconds
Platform modules already initialized, skipping
Refreshing native plugins compatible for Editor in 0.26 ms, found 1 plugins.
Preloading 0 native plugins for Editor in 0.00 ms.
Unloading 1821 Unused Serialized files (Serialized files now loaded: 0)
System memory in use before: 86.4 MB.
System memory in use after: 86.5 MB.

Unloading 9 unused Assets to reduce memory usage. Loaded Objects now: 2411.
Total: 1.223400 ms (FindLiveObjects: 0.091400 ms CreateObjectMapping: 0.021400 ms MarkObjects: 1.094600 ms  DeleteObjects: 0.015100 ms)

========================================================================
Received Prepare
Registering precompiled user dll's ...
Registered in 0.037294 seconds.
Begin MonoManager ReloadAssembly
Native extension for WindowsStandalone target not found
Refreshing native plugins compatible for Editor in 0.26 ms, found 1 plugins.
Preloading 0 native plugins for Editor in 0.00 ms.
Invoked RoslynAnalysisRunner static constructor.
RoslynAnalysisRunner will not be running.
RoslynAnalysisRunner has terminated.
Mono: successfully reloaded assembly
- Completed reload, in  0.457 seconds
Platform modules already initialized, skipping
Refreshing native plugins compatible for Editor in 0.26 ms, found 1 plugins.
Preloading 0 native plugins for Editor in 0.00 ms.
Unloading 1821 Unused Serialized files (Serialized files now loaded: 0)
System memory in use before: 86.4 MB.
System memory in use after: 86.5 MB.

Unloading 9 unused Assets to reduce memory usage. Loaded Objects now: 2415.
Total: 1.274100 ms (FindLiveObjects: 0.113900 ms CreateObjectMapping: 0.022700 ms MarkObjects: 1.111100 ms  DeleteObjects: 0.025500 ms)

========================================================================
Received Import Request.
  Time since last request: 12568.119270 seconds.
  path: Assets/Prefabs/Cell.prefab
  artifactKey: Guid(1305892cf76efc2498b4360442afb364) Importer(815301076,1909f56bfc062723c751e8b465ee728b)
Start importing Assets/Prefabs/Cell.prefab using Guid(1305892cf76efc2498b4360442afb364) Importer(815301076,1909f56bfc062723c751e8b465ee728b)  -> (artifact id: '6b0e6896ae256d8e811de2a21213ecc5') in 0.067919 seconds
  Import took 0.070846 seconds .

========================================================================
Received Import Request.
  Time since last request: 7.179767 seconds.
  path: Assets/Prefabs/Cell.prefab
  artifactKey: Guid(1305892cf76efc2498b4360442afb364) Importer(815301076,1909f56bfc062723c751e8b465ee728b)
Start importing Assets/Prefabs/Cell.prefab using Guid(1305892cf76efc2498b4360442afb364) Importer(815301076,1909f56bfc062723c751e8b465ee728b)  -> (artifact id: '5f4310e7dac0882c03bc6d1001108a93') in 0.005995 seconds
  Import took 0.008105 seconds .

========================================================================
Received Prepare
Registering precompiled user dll's ...
Registered in 0.003227 seconds.
Begin MonoManager ReloadAssembly
Native extension for WindowsStandalone target not found
Refreshing native plugins compatible for Editor in 0.46 ms, found 1 plugins.
Preloading 0 native plugins for Editor in 0.00 ms.
Invoked RoslynAnalysisRunner static constructor.
RoslynAnalysisRunner will not be running.
RoslynAnalysisRunner has terminated.
Mono: successfully reloaded assembly
- Completed reload, in  0.857 seconds
Platform modules already initialized, skipping
Refreshing native plugins compatible for Editor in 0.47 ms, found 1 plugins.
Preloading 0 native plugins for Editor in 0.00 ms.
Unloading 1821 Unused Serialized files (Serialized files now loaded: 0)
System memory in use before: 89.5 MB.
System memory in use after: 89.6 MB.

Unloading 9 unused Assets to reduce memory usage. Loaded Objects now: 2426.
Total: 1.372700 ms (FindLiveObjects: 0.124000 ms CreateObjectMapping: 0.027000 ms MarkObjects: 1.206800 ms  DeleteObjects: 0.014300 ms)

========================================================================
Received Prepare
Registering precompiled user dll's ...
Registered in 0.002012 seconds.
Begin MonoManager ReloadAssembly
Native extension for WindowsStandalone target not found
Refreshing native plugins compatible for Editor in 0.60 ms, found 1 plugins.
Preloading 0 native plugins for Editor in 0.00 ms.
Invoked RoslynAnalysisRunner static constructor.
RoslynAnalysisRunner will not be running.
RoslynAnalysisRunner has terminated.
Mono: successfully reloaded assembly
- Completed reload, in  0.828 seconds
Platform modules already initialized, skipping
Refreshing native plugins compatible for Editor in 0.44 ms, found 1 plugins.
Preloading 0 native plugins for Editor in 0.00 ms.
Unloading 1821 Unused Serialized files (Serialized files now loaded: 0)
System memory in use before: 89.5 MB.
System memory in use after: 89.6 MB.

Unloading 9 unused Assets to reduce memory usage. Loaded Objects now: 2430.
Total: 1.797200 ms (FindLiveObjects: 0.104700 ms CreateObjectMapping: 0.029900 ms MarkObjects: 1.644100 ms  DeleteObjects: 0.017500 ms)

========================================================================
Received Prepare
Registering precompiled user dll's ...
Registered in 0.002812 seconds.
Begin MonoManager ReloadAssembly
Native extension for WindowsStandalone target not found
Refreshing native plugins compatible for Editor in 0.47 ms, found 1 plugins.
Preloading 0 native plugins for Editor in 0.00 ms.
Invoked RoslynAnalysisRunner static constructor.
RoslynAnalysisRunner will not be running.
RoslynAnalysisRunner has terminated.
Mono: successfully reloaded assembly
- Completed reload, in  0.811 seconds
Platform modules already initialized, skipping
Refreshing native plugins compatible for Editor in 0.55 ms, found 1 plugins.
Preloading 0 native plugins for Editor in 0.00 ms.
Unloading 1821 Unused Serialized files (Serialized files now loaded: 0)
System memory in use before: 89.5 MB.
System memory in use after: 89.6 MB.

Unloading 9 unused Assets to reduce memory usage. Loaded Objects now: 2434.
Total: 1.276500 ms (FindLiveObjects: 0.097100 ms CreateObjectMapping: 0.023400 ms MarkObjects: 1.141100 ms  DeleteObjects: 0.013900 ms)

========================================================================
Received Prepare
Registering precompiled user dll's ...
Registered in 0.004378 seconds.
Begin MonoManager ReloadAssembly
Native extension for WindowsStandalone target not found
Refreshing native plugins compatible for Editor in 0.67 ms, found 1 plugins.
Preloading 0 native plugins for Editor in 0.00 ms.
Invoked RoslynAnalysisRunner static constructor.
RoslynAnalysisRunner will not be running.
RoslynAnalysisRunner has terminated.
Mono: successfully reloaded assembly
- Completed reload, in  0.951 seconds
Platform modules already initialized, skipping
Refreshing native plugins compatible for Editor in 0.52 ms, found 1 plugins.
Preloading 0 native plugins for Editor in 0.00 ms.
Unloading 1821 Unused Serialized files (Serialized files now loaded: 0)
System memory in use before: 89.5 MB.
System memory in use after: 89.6 MB.

Unloading 9 unused Assets to reduce memory usage. Loaded Objects now: 2438.
Total: 2.268700 ms (FindLiveObjects: 0.250900 ms CreateObjectMapping: 0.043100 ms MarkObjects: 1.955000 ms  DeleteObjects: 0.018400 ms)

========================================================================
Received Prepare
Registering precompiled user dll's ...
Registered in 0.002134 seconds.
Begin MonoManager ReloadAssembly
Native extension for WindowsStandalone target not found
Refreshing native plugins compatible for Editor in 0.46 ms, found 1 plugins.
Preloading 0 native plugins for Editor in 0.00 ms.
Invoked RoslynAnalysisRunner static constructor.
RoslynAnalysisRunner will not be running.
RoslynAnalysisRunner has terminated.
Mono: successfully reloaded assembly
- Completed reload, in  0.950 seconds
Platform modules already initialized, skipping
Refreshing native plugins compatible for Editor in 0.51 ms, found 1 plugins.
Preloading 0 native plugins for Editor in 0.00 ms.
Unloading 1821 Unused Serialized files (Serialized files now loaded: 0)
System memory in use before: 89.5 MB.
System memory in use after: 89.7 MB.

Unloading 9 unused Assets to reduce memory usage. Loaded Objects now: 2442.
Total: 1.787900 ms (FindLiveObjects: 0.205800 ms CreateObjectMapping: 0.043700 ms MarkObjects: 1.520400 ms  DeleteObjects: 0.017000 ms)

========================================================================
Received Prepare
Registering precompiled user dll's ...
Registered in 0.000897 seconds.
Begin MonoManager ReloadAssembly
Native extension for WindowsStandalone target not found
Refreshing native plugins compatible for Editor in 0.31 ms, found 1 plugins.
Preloading 0 native plugins for Editor in 0.00 ms.
Invoked RoslynAnalysisRunner static constructor.
RoslynAnalysisRunner will not be running.
RoslynAnalysisRunner has terminated.
Mono: successfully reloaded assembly
- Completed reload, in  0.480 seconds
Platform modules already initialized, skipping
Refreshing native plugins compatible for Editor in 0.27 ms, found 1 plugins.
Preloading 0 native plugins for Editor in 0.00 ms.
Unloading 1821 Unused Serialized files (Serialized files now loaded: 0)
System memory in use before: 89.5 MB.
System memory in use after: 89.7 MB.

Unloading 9 unused Assets to reduce memory usage. Loaded Objects now: 2446.
Total: 1.239300 ms (FindLiveObjects: 0.092900 ms CreateObjectMapping: 0.021900 ms MarkObjects: 1.111400 ms  DeleteObjects: 0.012200 ms)

========================================================================
Received Prepare
Registering precompiled user dll's ...
Registered in 0.000900 seconds.
Begin MonoManager ReloadAssembly
Native extension for WindowsStandalone target not found
Refreshing native plugins compatible for Editor in 0.25 ms, found 1 plugins.
Preloading 0 native plugins for Editor in 0.00 ms.
Invoked RoslynAnalysisRunner static constructor.
RoslynAnalysisRunner will not be running.
RoslynAnalysisRunner has terminated.
Mono: successfully reloaded assembly
- Completed reload, in  0.458 seconds
Platform modules already initialized, skipping
Refreshing native plugins compatible for Editor in 0.24 ms, found 1 plugins.
Preloading 0 native plugins for Editor in 0.00 ms.
Unloading 1821 Unused Serialized files (Serialized files now loaded: 0)
System memory in use before: 89.6 MB.
System memory in use after: 89.7 MB.

Unloading 9 unused Assets to reduce memory usage. Loaded Objects now: 2450.
Total: 1.440100 ms (FindLiveObjects: 0.107100 ms CreateObjectMapping: 0.030200 ms MarkObjects: 1.287500 ms  DeleteObjects: 0.014100 ms)

========================================================================
Received Import Request.
  Time since last request: 3464.127796 seconds.
  path: Assets/Prefabs/Cell.prefab
  artifactKey: Guid(1305892cf76efc2498b4360442afb364) Importer(815301076,1909f56bfc062723c751e8b465ee728b)
Start importing Assets/Prefabs/Cell.prefab using Guid(1305892cf76efc2498b4360442afb364) Importer(815301076,1909f56bfc062723c751e8b465ee728b)  -> (artifact id: '50831496660e367c66d90aff422ae2e4') in 0.033664 seconds
  Import took 0.035630 seconds .

========================================================================
Received Import Request.
  Time since last request: 4.541951 seconds.
  path: Assets/Prefabs/Cell.prefab
  artifactKey: Guid(1305892cf76efc2498b4360442afb364) Importer(815301076,1909f56bfc062723c751e8b465ee728b)
Start importing Assets/Prefabs/Cell.prefab using Guid(1305892cf76efc2498b4360442afb364) Importer(815301076,1909f56bfc062723c751e8b465ee728b)  -> (artifact id: '4b222791efb8254ed01b1366930ff284') in 0.006381 seconds
  Import took 0.008313 seconds .

========================================================================
Received Import Request.
  Time since last request: 0.014590 seconds.
  path: Assets/Prefabs/Cell.prefab
  artifactKey: Guid(1305892cf76efc2498b4360442afb364) Importer(815301076,1909f56bfc062723c751e8b465ee728b)
Start importing Assets/Prefabs/Cell.prefab using Guid(1305892cf76efc2498b4360442afb364) Importer(815301076,1909f56bfc062723c751e8b465ee728b)  -> (artifact id: '4b222791efb8254ed01b1366930ff284') in 0.005556 seconds
  Import took 0.007560 seconds .

========================================================================
Received Import Request.
  Time since last request: 3.889259 seconds.
  path: Assets/Prefabs/Cell.prefab
  artifactKey: Guid(1305892cf76efc2498b4360442afb364) Importer(815301076,1909f56bfc062723c751e8b465ee728b)
Start importing Assets/Prefabs/Cell.prefab using Guid(1305892cf76efc2498b4360442afb364) Importer(815301076,1909f56bfc062723c751e8b465ee728b)  -> (artifact id: 'bb9788e8441368333283a7a59edfda0a') in 0.006766 seconds
  Import took 0.008737 seconds .

========================================================================
Received Import Request.
  Time since last request: 0.013544 seconds.
  path: Assets/Prefabs/Cell.prefab
  artifactKey: Guid(1305892cf76efc2498b4360442afb364) Importer(815301076,1909f56bfc062723c751e8b465ee728b)
Start importing Assets/Prefabs/Cell.prefab using Guid(1305892cf76efc2498b4360442afb364) Importer(815301076,1909f56bfc062723c751e8b465ee728b)  -> (artifact id: 'bb9788e8441368333283a7a59edfda0a') in 0.005664 seconds
  Import took 0.007523 seconds .

========================================================================
Received Import Request.
  Time since last request: 6.319760 seconds.
  path: Assets/Prefabs/Cell.prefab
  artifactKey: Guid(1305892cf76efc2498b4360442afb364) Importer(815301076,1909f56bfc062723c751e8b465ee728b)
Start importing Assets/Prefabs/Cell.prefab using Guid(1305892cf76efc2498b4360442afb364) Importer(815301076,1909f56bfc062723c751e8b465ee728b)  -> (artifact id: 'eb75cff550208313a2c78fcdc2ed12be') in 0.005792 seconds
  Import took 0.007796 seconds .

========================================================================
Received Import Request.
  Time since last request: 0.013303 seconds.
  path: Assets/Prefabs/Cell.prefab
  artifactKey: Guid(1305892cf76efc2498b4360442afb364) Importer(815301076,1909f56bfc062723c751e8b465ee728b)
Start importing Assets/Prefabs/Cell.prefab using Guid(1305892cf76efc2498b4360442afb364) Importer(815301076,1909f56bfc062723c751e8b465ee728b)  -> (artifact id: 'eb75cff550208313a2c78fcdc2ed12be') in 0.005903 seconds
  Import took 0.007924 seconds .

========================================================================
Received Prepare
Registering precompiled user dll's ...
Registered in 0.000929 seconds.
Begin MonoManager ReloadAssembly
Native extension for WindowsStandalone target not found
Refreshing native plugins compatible for Editor in 0.31 ms, found 1 plugins.
Preloading 0 native plugins for Editor in 0.00 ms.
Invoked RoslynAnalysisRunner static constructor.
RoslynAnalysisRunner will not be running.
RoslynAnalysisRunner has terminated.
Mono: successfully reloaded assembly
- Completed reload, in  0.457 seconds
Platform modules already initialized, skipping
Refreshing native plugins compatible for Editor in 0.23 ms, found 1 plugins.
Preloading 0 native plugins for Editor in 0.00 ms.
Unloading 1821 Unused Serialized files (Serialized files now loaded: 0)
System memory in use before: 89.6 MB.
System memory in use after: 89.7 MB.

Unloading 9 unused Assets to reduce memory usage. Loaded Objects now: 2455.
Total: 1.344300 ms (FindLiveObjects: 0.097100 ms CreateObjectMapping: 0.022500 ms MarkObjects: 1.211100 ms  DeleteObjects: 0.012900 ms)

========================================================================
Received Import Request.
  Time since last request: 5.277947 seconds.
  path: Assets/Prefabs/Cell.prefab
  artifactKey: Guid(1305892cf76efc2498b4360442afb364) Importer(815301076,1909f56bfc062723c751e8b465ee728b)
Start importing Assets/Prefabs/Cell.prefab using Guid(1305892cf76efc2498b4360442afb364) Importer(815301076,1909f56bfc062723c751e8b465ee728b)  -> (artifact id: '9de4a9eee889831e508c7c1eefb46e8a') in 0.039056 seconds
  Import took 0.041058 seconds .

========================================================================
Received Import Request.
  Time since last request: 36.693613 seconds.
  path: Assets/Prefabs/Cell.prefab
  artifactKey: Guid(1305892cf76efc2498b4360442afb364) Importer(815301076,1909f56bfc062723c751e8b465ee728b)
Start importing Assets/Prefabs/Cell.prefab using Guid(1305892cf76efc2498b4360442afb364) Importer(815301076,1909f56bfc062723c751e8b465ee728b)  -> (artifact id: '9a8d319a43f9acb859bc941be9675ca1') in 0.005740 seconds
  Import took 0.008034 seconds .

========================================================================
Received Import Request.
  Time since last request: 0.014757 seconds.
  path: Assets/Prefabs/Cell.prefab
  artifactKey: Guid(1305892cf76efc2498b4360442afb364) Importer(815301076,1909f56bfc062723c751e8b465ee728b)
Start importing Assets/Prefabs/Cell.prefab using Guid(1305892cf76efc2498b4360442afb364) Importer(815301076,1909f56bfc062723c751e8b465ee728b)  -> (artifact id: '9a8d319a43f9acb859bc941be9675ca1') in 0.005738 seconds
  Import took 0.007686 seconds .

========================================================================
Received Prepare
Registering precompiled user dll's ...
Registered in 0.000897 seconds.
Begin MonoManager ReloadAssembly
Native extension for WindowsStandalone target not found
Refreshing native plugins compatible for Editor in 0.25 ms, found 1 plugins.
Preloading 0 native plugins for Editor in 0.00 ms.
Invoked RoslynAnalysisRunner static constructor.
RoslynAnalysisRunner will not be running.
RoslynAnalysisRunner has terminated.
Mono: successfully reloaded assembly
- Completed reload, in  0.456 seconds
Platform modules already initialized, skipping
Refreshing native plugins compatible for Editor in 0.24 ms, found 1 plugins.
Preloading 0 native plugins for Editor in 0.00 ms.
Unloading 1821 Unused Serialized files (Serialized files now loaded: 0)
System memory in use before: 89.6 MB.
System memory in use after: 89.7 MB.

Unloading 9 unused Assets to reduce memory usage. Loaded Objects now: 2460.
Total: 1.220100 ms (FindLiveObjects: 0.105700 ms CreateObjectMapping: 0.023700 ms MarkObjects: 1.072600 ms  DeleteObjects: 0.017200 ms)

========================================================================
Received Import Request.
  Time since last request: 23.732815 seconds.
  path: Assets/Prefabs/Cell.prefab
  artifactKey: Guid(1305892cf76efc2498b4360442afb364) Importer(815301076,1909f56bfc062723c751e8b465ee728b)
Start importing Assets/Prefabs/Cell.prefab using Guid(1305892cf76efc2498b4360442afb364) Importer(815301076,1909f56bfc062723c751e8b465ee728b)  -> (artifact id: '1428e1260ebdbc711d1004b2ea2806e0') in 0.034319 seconds
  Import took 0.036329 seconds .

========================================================================
Received Prepare
Registering precompiled user dll's ...
Registered in 0.000896 seconds.
Begin MonoManager ReloadAssembly
Native extension for WindowsStandalone target not found
Refreshing native plugins compatible for Editor in 0.25 ms, found 1 plugins.
Preloading 0 native plugins for Editor in 0.00 ms.
Invoked RoslynAnalysisRunner static constructor.
RoslynAnalysisRunner will not be running.
RoslynAnalysisRunner has terminated.
Mono: successfully reloaded assembly
- Completed reload, in  0.467 seconds
Platform modules already initialized, skipping
Refreshing native plugins compatible for Editor in 0.24 ms, found 1 plugins.
Preloading 0 native plugins for Editor in 0.00 ms.
Unloading 1821 Unused Serialized files (Serialized files now loaded: 0)
System memory in use before: 89.6 MB.
System memory in use after: 89.7 MB.

Unloading 9 unused Assets to reduce memory usage. Loaded Objects now: 2465.
Total: 1.266800 ms (FindLiveObjects: 0.103000 ms CreateObjectMapping: 0.022300 ms MarkObjects: 1.126200 ms  DeleteObjects: 0.014400 ms)

========================================================================
Received Prepare
Registering precompiled user dll's ...
Registered in 0.001906 seconds.
Begin MonoManager ReloadAssembly
Native extension for WindowsStandalone target not found
Refreshing native plugins compatible for Editor in 0.47 ms, found 1 plugins.
Preloading 0 native plugins for Editor in 0.00 ms.
Invoked RoslynAnalysisRunner static constructor.
RoslynAnalysisRunner will not be running.
RoslynAnalysisRunner has terminated.
Mono: successfully reloaded assembly
- Completed reload, in  0.898 seconds
Platform modules already initialized, skipping
Refreshing native plugins compatible for Editor in 0.29 ms, found 1 plugins.
Preloading 0 native plugins for Editor in 0.00 ms.
Unloading 1821 Unused Serialized files (Serialized files now loaded: 0)
System memory in use before: 89.6 MB.
System memory in use after: 89.7 MB.

Unloading 9 unused Assets to reduce memory usage. Loaded Objects now: 2469.
Total: 1.406600 ms (FindLiveObjects: 0.100100 ms CreateObjectMapping: 0.022800 ms MarkObjects: 1.266500 ms  DeleteObjects: 0.016300 ms)

========================================================================
Received Prepare
Registering precompiled user dll's ...
Registered in 0.000918 seconds.
Begin MonoManager ReloadAssembly
Native extension for WindowsStandalone target not found
Refreshing native plugins compatible for Editor in 0.25 ms, found 1 plugins.
Preloading 0 native plugins for Editor in 0.00 ms.
Invoked RoslynAnalysisRunner static constructor.
RoslynAnalysisRunner will not be running.
RoslynAnalysisRunner has terminated.
Mono: successfully reloaded assembly
- Completed reload, in  0.468 seconds
Platform modules already initialized, skipping
Refreshing native plugins compatible for Editor in 0.23 ms, found 1 plugins.
Preloading 0 native plugins for Editor in 0.00 ms.
Unloading 1821 Unused Serialized files (Serialized files now loaded: 0)
System memory in use before: 89.6 MB.
System memory in use after: 89.7 MB.

Unloading 9 unused Assets to reduce memory usage. Loaded Objects now: 2473.
Total: 1.366600 ms (FindLiveObjects: 0.121800 ms CreateObjectMapping: 0.024100 ms MarkObjects: 1.203100 ms  DeleteObjects: 0.016800 ms)

========================================================================
Received Prepare
Registering precompiled user dll's ...
Registered in 0.002091 seconds.
Begin MonoManager ReloadAssembly
Native extension for WindowsStandalone target not found
Refreshing native plugins compatible for Editor in 0.48 ms, found 1 plugins.
Preloading 0 native plugins for Editor in 0.00 ms.
Invoked RoslynAnalysisRunner static constructor.
RoslynAnalysisRunner will not be running.
RoslynAnalysisRunner has terminated.
Mono: successfully reloaded assembly
- Completed reload, in  0.899 seconds
Platform modules already initialized, skipping
Refreshing native plugins compatible for Editor in 0.52 ms, found 1 plugins.
Preloading 0 native plugins for Editor in 0.00 ms.
Unloading 1821 Unused Serialized files (Serialized files now loaded: 0)
System memory in use before: 89.6 MB.
System memory in use after: 89.7 MB.

Unloading 9 unused Assets to reduce memory usage. Loaded Objects now: 2477.
Total: 2.356100 ms (FindLiveObjects: 0.408000 ms CreateObjectMapping: 0.083200 ms MarkObjects: 1.846600 ms  DeleteObjects: 0.016800 ms)

========================================================================
Received Prepare
Registering precompiled user dll's ...
Registered in 0.003526 seconds.
Begin MonoManager ReloadAssembly
Native extension for WindowsStandalone target not found
Refreshing native plugins compatible for Editor in 0.51 ms, found 1 plugins.
Preloading 0 native plugins for Editor in 0.00 ms.
Invoked RoslynAnalysisRunner static constructor.
RoslynAnalysisRunner will not be running.
RoslynAnalysisRunner has terminated.
Mono: successfully reloaded assembly
- Completed reload, in  0.812 seconds
Platform modules already initialized, skipping
Refreshing native plugins compatible for Editor in 0.50 ms, found 1 plugins.
Preloading 0 native plugins for Editor in 0.00 ms.
Unloading 1821 Unused Serialized files (Serialized files now loaded: 0)
System memory in use before: 89.6 MB.
System memory in use after: 89.8 MB.

Unloading 9 unused Assets to reduce memory usage. Loaded Objects now: 2481.
Total: 1.163500 ms (FindLiveObjects: 0.092600 ms CreateObjectMapping: 0.024000 ms MarkObjects: 1.029600 ms  DeleteObjects: 0.016600 ms)

========================================================================
Received Prepare
Registering precompiled user dll's ...
Registered in 0.000853 seconds.
Begin MonoManager ReloadAssembly
Native extension for WindowsStandalone target not found
Refreshing native plugins compatible for Editor in 0.25 ms, found 1 plugins.
Preloading 0 native plugins for Editor in 0.00 ms.
Invoked RoslynAnalysisRunner static constructor.
RoslynAnalysisRunner will not be running.
RoslynAnalysisRunner has terminated.
Mono: successfully reloaded assembly
- Completed reload, in  0.457 seconds
Platform modules already initialized, skipping
Refreshing native plugins compatible for Editor in 0.24 ms, found 1 plugins.
Preloading 0 native plugins for Editor in 0.00 ms.
Unloading 1821 Unused Serialized files (Serialized files now loaded: 0)
System memory in use before: 89.6 MB.
System memory in use after: 89.8 MB.

Unloading 9 unused Assets to reduce memory usage. Loaded Objects now: 2485.
Total: 1.189500 ms (FindLiveObjects: 0.111600 ms CreateObjectMapping: 0.024000 ms MarkObjects: 1.038700 ms  DeleteObjects: 0.014400 ms)

AssetImportWorkerClient::OnTransportError - code=2 error=End of file
